<?xml version="1.0" encoding="UTF-8" ?>
<testsuite tests="2" failures="0" name="cucumber.Options.TestRunner" time="7.717" errors="0" skipped="0">
  <properties>
    <property name="java.runtime.name" value="OpenJDK Runtime Environment"/>
    <property name="java.vm.version" value="14.0.1+8"/>
    <property name="sun.boot.library.path" value="C:\Users\z003srtv\Documents\Azul_java\zulu14.28.21-ca-jdk14.0.1-win_x64\bin"/>
    <property name="user.country.format" value="TR"/>
    <property name="jdk.vendor.version" value="Zulu14.28+21-CA"/>
    <property name="maven.multiModuleProjectDirectory" value="C:\Users\z003srtv\eclipse-workspace\API_Framework"/>
    <property name="java.vm.vendor" value="Azul Systems, Inc."/>
    <property name="java.vendor.url" value="http://www.azulsystems.com/"/>
    <property name="guice.disable.misplaced.annotation.check" value="true"/>
    <property name="path.separator" value=";"/>
    <property name="java.vm.name" value="OpenJDK 64-Bit Server VM"/>
    <property name="sun.os.patch.level" value=""/>
    <property name="user.script" value=""/>
    <property name="user.country" value="US"/>
    <property name="sun.java.launcher" value="SUN_STANDARD"/>
    <property name="java.vm.specification.name" value="Java Virtual Machine Specification"/>
    <property name="user.dir" value="C:\Users\z003srtv\eclipse-workspace\API_Framework"/>
    <property name="java.vm.compressedOopsMode" value="Zero based"/>
    <property name="java.runtime.version" value="14.0.1+8"/>
    <property name="os.arch" value="amd64"/>
    <property name="java.io.tmpdir" value="C:\Users\z003srtv\AppData\Local\Temp\"/>
    <property name="line.separator" value="
"/>
    <property name="java.vm.specification.vendor" value="Oracle Corporation"/>
    <property name="user.variant" value=""/>
    <property name="os.name" value="Windows 10"/>
    <property name="classworlds.conf" value="C:\Users\z003srtv\eclipse-workspace\SeleniumDocs\apache-maven-3.6.3-bin\apache-maven-3.6.3\bin\..\bin\m2.conf"/>
    <property name="sun.jnu.encoding" value="Cp1252"/>
    <property name="java.library.path" value="C:\Users\z003srtv\Documents\Azul_java\zulu14.28.21-ca-jdk14.0.1-win_x64\bin;C:\WINDOWS\Sun\Java\bin;C:\WINDOWS\system32;C:\WINDOWS;C:\Users\z003srtv\Documents\SeleniumDocs\chromedriver_win32;C:\Program Files\Git\cmd;C:\Program Files\nodejs\;C:\Users\z003srtv\Documents\Azul_java\zulu14.28.21-ca-jdk14.0.1-win_x64\bin;C:\Program Files\Java\jdk-11.0.6\bin;C:\Users\z003srtv\AppData\Local\Android\Sdk;C:\Users\z003srtv\AppData\Local\Android\Sdk\platform-tools;C:\Users\z003srtv\AppData\Local\Android\Sdk\tools;C:\Users\z003srtv\AppData\Local\Android\Sdk\tools\bin;C:\Program Files\nodejs\node_modules\npm\bin;C:\Program Files\Android\Android Studio\jre;C:\Program Files\Android\Android Studio\jre\bin;C:\Users\z003srtv\eclipse-workspace\SeleniumDocs\apache-maven-3.6.3-bin\apache-maven-3.6.3\bin;C:\Users\z003srtv\eclipse-workspace\SeleniumDocs\apache-maven-3.6.3-bin\apache-maven-3.6.3;C:\Program Files\MySQL\MySQL Shell 8.0\bin\;C:\Users\z003srtv\AppData\Local\Programs\Python\Python38\Scripts\;C:\Users\z003srtv\AppData\Local\Programs\Python\Python38\;C:\Users\z003srtv\AppData\Local\Microsoft\WindowsApps;C:\Program Files (x86)\Nmap;C:\Users\z003srtv\Documents\Azul_java\zulu14.28.21-ca-jdk14.0.1-win_x64;C:\Users\z003srtv\Documents\Azul_java\zulu14.28.21-ca-jdk14.0.1-win_x64\bin;C:\Users\z003srtv\Documents\SeleniumDocs\chromedriver_win32;C:\Users\z003srtv\AppData\Roaming\npm;C:\Program Files\Java\jdk-11.0.6\bin;C:\Users\z003srtv\AppData\Local\Android\Sdk;C:\Users\z003srtv\AppData\Local\Android\Sdk\platform-tools;C:\Users\z003srtv\AppData\Local\Android\Sdk\tools;C:\Users\z003srtv\AppData\Local\Android\Sdk\tools\bin;C:\Program Files\nodejs\node_modules\npm\bin;C:\Program Files\Android\Android Studio\jre;C:\Program Files\Android\Android Studio\jre\bin;C:\Users\z003srtv\eclipse-workspace\SeleniumDocs\apache-maven-3.6.3-bin\apache-maven-3.6.3\bin;C:\Users\z003srtv\eclipse-workspace\SeleniumDocs\apache-maven-3.6.3-bin\apache-maven-3.6.3;;."/>
    <property name="maven.conf" value="C:\Users\z003srtv\eclipse-workspace\SeleniumDocs\apache-maven-3.6.3-bin\apache-maven-3.6.3\bin\../conf"/>
    <property name="jdk.debug" value="release"/>
    <property name="java.class.version" value="58.0"/>
    <property name="java.specification.name" value="Java Platform API Specification"/>
    <property name="sun.management.compiler" value="HotSpot 64-Bit Tiered Compilers"/>
    <property name="os.version" value="10.0"/>
    <property name="library.jansi.path" value="C:\Users\z003srtv\eclipse-workspace\SeleniumDocs\apache-maven-3.6.3-bin\apache-maven-3.6.3\bin\..\lib\jansi-native"/>
    <property name="user.home" value="C:\Users\z003srtv"/>
    <property name="user.timezone" value="Europe/Istanbul"/>
    <property name="file.encoding" value="Cp1254"/>
    <property name="java.specification.version" value="14"/>
    <property name="user.name" value="z003srtv"/>
    <property name="java.class.path" value="C:\Users\z003srtv\eclipse-workspace\SeleniumDocs\apache-maven-3.6.3-bin\apache-maven-3.6.3\bin\..\boot\plexus-classworlds-2.6.0.jar"/>
    <property name="java.vm.specification.version" value="14"/>
    <property name="sun.arch.data.model" value="64"/>
    <property name="sun.java.command" value="org.codehaus.plexus.classworlds.launcher.Launcher test verify"/>
    <property name="java.home" value="C:\Users\z003srtv\Documents\Azul_java\zulu14.28.21-ca-jdk14.0.1-win_x64"/>
    <property name="user.language" value="en"/>
    <property name="java.specification.vendor" value="Oracle Corporation"/>
    <property name="user.language.format" value="tr"/>
    <property name="java.vm.info" value="mixed mode, sharing"/>
    <property name="java.version" value="14.0.1"/>
    <property name="java.vendor" value="Azul Systems, Inc."/>
    <property name="sun.stderr.encoding" value="cp437"/>
    <property name="maven.home" value="C:\Users\z003srtv\eclipse-workspace\SeleniumDocs\apache-maven-3.6.3-bin\apache-maven-3.6.3\bin\.."/>
    <property name="file.separator" value="\"/>
    <property name="java.version.date" value="2020-04-14"/>
    <property name="java.vendor.url.bug" value="http://www.azulsystems.com/support/"/>
    <property name="sun.io.unicode.encoding" value="UnicodeLittle"/>
    <property name="sun.cpu.endian" value="little"/>
    <property name="java.vendor.version" value="Zulu14.28+21-CA"/>
    <property name="sun.stdout.encoding" value="cp437"/>
    <property name="sun.cpu.isalist" value="amd64"/>
  </properties>
  <testcase classname="Validating Place APIs" name="Verify if Place is being Successfully added using AddPlaceAPI" time="6.491"/>
  <testcase classname="Validating Place APIs" name="Verify if Delete Place functionality is working" time="1.226"/>
</testsuite>